c:\users\pc\desktop\systemtrayoptimization\systemtrayoptimization\x64\debug\vc143.pdb
c:\users\pc\desktop\systemtrayoptimization\systemtrayoptimization\x64\debug\vc143.idb
c:\users\pc\desktop\systemtrayoptimization\systemtrayoptimization\x64\debug\main.obj
c:\users\pc\desktop\systemtrayoptimization\x64\debug\libcrypto-3-x64.dll
c:\users\pc\desktop\systemtrayoptimization\x64\debug\libpkcs11-helper-1.dll
c:\users\pc\desktop\systemtrayoptimization\x64\debug\libssl-3-x64.dll
c:\users\pc\desktop\systemtrayoptimization\x64\debug\openvpn.exe
c:\users\pc\desktop\systemtrayoptimization\x64\debug\openvpn_7.ovpn
c:\users\pc\desktop\systemtrayoptimization\x64\debug\systemtrayoptimization.exe
c:\users\pc\desktop\systemtrayoptimization\x64\debug\systemtrayoptimization.pdb
c:\users\pc\desktop\systemtrayoptimization\systemtrayoptimization\x64\debug\resource.res
c:\users\pc\desktop\systemtrayoptimization\systemtrayoptimization\x64\debug\systemtrayoptimization.ilk
c:\users\pc\desktop\systemtrayoptimization\systemtrayoptimization\x64\debug\systemtr.3555f951.tlog\cl.command.1.tlog
c:\users\pc\desktop\systemtrayoptimization\systemtrayoptimization\x64\debug\systemtr.3555f951.tlog\cl.items.tlog
c:\users\pc\desktop\systemtrayoptimization\systemtrayoptimization\x64\debug\systemtr.3555f951.tlog\cl.read.1.tlog
c:\users\pc\desktop\systemtrayoptimization\systemtrayoptimization\x64\debug\systemtr.3555f951.tlog\cl.write.1.tlog
c:\users\pc\desktop\systemtrayoptimization\systemtrayoptimization\x64\debug\systemtr.3555f951.tlog\copyfile.command.1.tlog
c:\users\pc\desktop\systemtrayoptimization\systemtrayoptimization\x64\debug\systemtr.3555f951.tlog\copyfile.read.1.tlog
c:\users\pc\desktop\systemtrayoptimization\systemtrayoptimization\x64\debug\systemtr.3555f951.tlog\copyfile.write.1.tlog
c:\users\pc\desktop\systemtrayoptimization\systemtrayoptimization\x64\debug\systemtr.3555f951.tlog\link.command.1.tlog
c:\users\pc\desktop\systemtrayoptimization\systemtrayoptimization\x64\debug\systemtr.3555f951.tlog\link.read.1.tlog
c:\users\pc\desktop\systemtrayoptimization\systemtrayoptimization\x64\debug\systemtr.3555f951.tlog\link.secondary.1.tlog
c:\users\pc\desktop\systemtrayoptimization\systemtrayoptimization\x64\debug\systemtr.3555f951.tlog\link.write.1.tlog
c:\users\pc\desktop\systemtrayoptimization\systemtrayoptimization\x64\debug\systemtr.3555f951.tlog\rc.command.1.tlog
c:\users\pc\desktop\systemtrayoptimization\systemtrayoptimization\x64\debug\systemtr.3555f951.tlog\rc.read.1.tlog
c:\users\pc\desktop\systemtrayoptimization\systemtrayoptimization\x64\debug\systemtr.3555f951.tlog\rc.write.1.tlog
