  main.cpp
C:\Users\PC\Desktop\SystemTrayOptimization\SystemTrayOptimization\resource1.h(24,9): warning C4005: ID_BTN_LOGIN: изменение макроопределения
  (компиляция исходного файла "main.cpp")
      C:\Users\PC\Desktop\SystemTrayOptimization\SystemTrayOptimization\resource1.h(22,9):
      см. предыдущее определение "ID_BTN_LOGIN"
  
C:\Users\PC\Desktop\SystemTrayOptimization\SystemTrayOptimization\resource1.h(25,9): warning C4005: ID_BTN_REGISTER: изменение макроопределения
  (компиляция исходного файла "main.cpp")
      C:\Users\PC\Desktop\SystemTrayOptimization\SystemTrayOptimization\resource1.h(23,9):
      см. предыдущее определение "ID_BTN_REGISTER"
  
C:\Program Files\Microsoft Visual Studio\2022\Community\VC\Tools\MSVC\14.41.34120\include\xutility(4689,18): warning C4244: =: преобразование "const wchar_t" в "char", возможна потеря данных
  (компиляция исходного файла "main.cpp")
      C:\Program Files\Microsoft Visual Studio\2022\Community\VC\Tools\MSVC\14.41.34120\include\xutility(4689,18):
      контекст создания экземпляра шаблона (сначала самый старый)
          C:\Users\PC\Desktop\SystemTrayOptimization\SystemTrayOptimization\main.cpp(82,62):
          выполняется компиляция ссылки на экземпляр шаблон функции "std::basic_string<char,std::char_traits<char>,std::allocator<char>>::basic_string<std::_String_const_iterator<std::_String_val<std::_Simple_types<_Elem>>>,0>(_Iter,_Iter,const _Alloc &)"
          with
          [
              _Elem=wchar_t,
              _Iter=std::_String_const_iterator<std::_String_val<std::_Simple_types<wchar_t>>>,
              _Alloc=std::allocator<char>
          ]
              C:\Users\PC\Desktop\SystemTrayOptimization\SystemTrayOptimization\main.cpp(82,30):
              см. первую ссылку на "std::basic_string<char,std::char_traits<char>,std::allocator<char>>::basic_string" в "sendLoginRequest"
          C:\Program Files\Microsoft Visual Studio\2022\Community\VC\Tools\MSVC\14.41.34120\include\xstring(793,17):
          выполняется компиляция ссылки на экземпляр шаблон функции "void std::basic_string<char,std::char_traits<char>,std::allocator<char>>::_Construct_from_iter<const wchar_t*,const wchar_t*,_Size_type>(_Iter,const _Sent,_Size)"
          with
          [
              _Size_type=unsigned __int64,
              _Iter=const wchar_t *,
              _Sent=const wchar_t *,
              _Size=unsigned __int64
          ]
          C:\Program Files\Microsoft Visual Studio\2022\Community\VC\Tools\MSVC\14.41.34120\include\xstring(949,18):
          выполняется компиляция ссылки на экземпляр шаблон функции "_OutIt *std::_Copy_n_unchecked4<const wchar_t*,_Size,char*>(_InIt,_SizeTy,_OutIt)"
          with
          [
              _OutIt=char *,
              _Size=unsigned __int64,
              _InIt=const wchar_t *,
              _SizeTy=unsigned __int64
          ]
  
  SystemTrayOptimization.vcxproj -> C:\Users\PC\Desktop\SystemTrayOptimization\x64\Debug\SystemTrayOptimization.exe
